Started GET "/" for 127.0.0.1 at 2019-02-04 15:22:27 -0500

PG::ConnectionBad - FATAL:  database "mySeventhLevel_development" does not exist
:

Started POST "/__better_errors/f1973368d3b4a43a/variables" for 127.0.0.1 at 2019-02-04 15:22:29 -0500
  [1m[35m (770.6ms)[0m  [1m[35mCREATE DATABASE "mySeventhLevel_development" ENCODING = 'unicode'[0m
  ↳ bin/rails:9
  [1m[35m (414.5ms)[0m  [1m[35mCREATE DATABASE "mySeventhLevel_test" ENCODING = 'unicode'[0m
  ↳ bin/rails:9
Started GET "/" for 127.0.0.1 at 2019-02-04 15:23:09 -0500

NameError - uninitialized constant StaticPageController:

Started POST "/__better_errors/9ed45ef1145b07da/variables" for 127.0.0.1 at 2019-02-04 15:23:10 -0500
Started GET "/" for 127.0.0.1 at 2019-02-04 15:25:31 -0500

NameError - uninitialized constant StaticPageController:

Started POST "/__better_errors/8711a7bbbabc8d99/variables" for 127.0.0.1 at 2019-02-04 15:25:32 -0500
Started GET "/" for 127.0.0.1 at 2019-02-04 15:28:47 -0500
Processing by StaticPageController#root as HTML
  Rendering static_page/root.html.erb within layouts/application
  Rendered static_page/root.html.erb within layouts/application (5.0ms)
Completed 200 OK in 2340ms (Views: 2334.0ms | ActiveRecord: 0.0ms)


Started GET "/" for 127.0.0.1 at 2019-02-04 15:33:39 -0500
Processing by StaticPageController#root as HTML
  Rendering static_page/root.html.erb within layouts/application
  Rendered static_page/root.html.erb within layouts/application (3.8ms)
Completed 200 OK in 698ms (Views: 684.3ms | ActiveRecord: 0.0ms)


  [1m[35m (145.1ms)[0m  [1m[35mCREATE TABLE "schema_migrations" ("version" character varying NOT NULL PRIMARY KEY)[0m
  ↳ bin/rails:9
  [1m[35m (45.8ms)[0m  [1m[35mCREATE TABLE "ar_internal_metadata" ("key" character varying NOT NULL PRIMARY KEY, "value" character varying, "created_at" timestamp NOT NULL, "updated_at" timestamp NOT NULL)[0m
  ↳ bin/rails:9
  [1m[35m (5.1ms)[0m  [1m[34mSELECT pg_try_advisory_lock(7063921063919878935)[0m
  ↳ bin/rails:9
  [1m[35m (4.0ms)[0m  [1m[34mSELECT "schema_migrations"."version" FROM "schema_migrations" ORDER BY "schema_migrations"."version" ASC[0m
  ↳ bin/rails:9
Migrating to CreateUsers (20190204203950)
  [1m[35m (17.4ms)[0m  [1m[35mBEGIN[0m
  ↳ bin/rails:9
  [1m[35m (44.9ms)[0m  [1m[35mCREATE TABLE "users" ("id" bigserial primary key, "first_name" character varying NOT NULL, "last_name" character varying NOT NULL, "email" character varying NOT NULL, "password_digest" character varying NOT NULL, "session_token" character varying NOT NULL, "created_at" timestamp NOT NULL, "updated_at" timestamp NOT NULL)[0m
  ↳ db/migrate/20190204203950_create_users.rb:3
  [1m[35m (9.1ms)[0m  [1m[35mCREATE  INDEX  "index_users_on_email" ON "users"  ("email")[0m
  ↳ db/migrate/20190204203950_create_users.rb:13
  [1m[35m (3.2ms)[0m  [1m[35mCREATE  INDEX  "index_users_on_session_token" ON "users"  ("session_token")[0m
  ↳ db/migrate/20190204203950_create_users.rb:14
  [1m[36mActiveRecord::SchemaMigration Create (8.6ms)[0m  [1m[32mINSERT INTO "schema_migrations" ("version") VALUES ($1) RETURNING "version"[0m  [["version", "20190204203950"]]
  ↳ bin/rails:9
  [1m[35m (2.6ms)[0m  [1m[35mCOMMIT[0m
  ↳ bin/rails:9
  [1m[36mActiveRecord::InternalMetadata Load (5.5ms)[0m  [1m[34mSELECT  "ar_internal_metadata".* FROM "ar_internal_metadata" WHERE "ar_internal_metadata"."key" = $1 LIMIT $2[0m  [["key", "environment"], ["LIMIT", 1]]
  ↳ bin/rails:9
  [1m[35m (0.2ms)[0m  [1m[35mBEGIN[0m
  ↳ bin/rails:9
  [1m[36mActiveRecord::InternalMetadata Create (9.3ms)[0m  [1m[32mINSERT INTO "ar_internal_metadata" ("key", "value", "created_at", "updated_at") VALUES ($1, $2, $3, $4) RETURNING "key"[0m  [["key", "environment"], ["value", "development"], ["created_at", "2019-02-04 20:40:51.242533"], ["updated_at", "2019-02-04 20:40:51.242533"]]
  ↳ bin/rails:9
  [1m[35m (5.8ms)[0m  [1m[35mCOMMIT[0m
  ↳ bin/rails:9
  [1m[35m (0.4ms)[0m  [1m[34mSELECT pg_advisory_unlock(7063921063919878935)[0m
  ↳ bin/rails:9
  [1m[35m (2.9ms)[0m  [1m[34mSELECT "schema_migrations"."version" FROM "schema_migrations" ORDER BY "schema_migrations"."version" ASC[0m
  ↳ bin/rails:9
  [1m[35m (1.4ms)[0m  [1m[34mSELECT "schema_migrations"."version" FROM "schema_migrations" ORDER BY "schema_migrations"."version" ASC[0m
  ↳ /Users/keith_/.rbenv/versions/2.5.3/bin/annotate:23
  [1m[36mUser Load (7.3ms)[0m  [1m[34mSELECT "users".* FROM "users"[0m
  [1m[35m (1.9ms)[0m  [1m[34mSELECT "schema_migrations"."version" FROM "schema_migrations" ORDER BY "schema_migrations"."version" ASC[0m
  ↳ bin/rails:9
  [1m[36mUser Load (3.8ms)[0m  [1m[34mSELECT "users".* FROM "users"[0m
  ↳ db/seeds.rb:9
  [1m[35m (0.3ms)[0m  [1m[35mBEGIN[0m
  ↳ db/seeds.rb:12
  [1m[36mUser Exists (0.9ms)[0m  [1m[34mSELECT  1 AS one FROM "users" WHERE "users"."email" = $1 LIMIT $2[0m  [["email", "demo_user@notMail.com"], ["LIMIT", 1]]
  ↳ db/seeds.rb:12
  [1m[36mUser Create (21.1ms)[0m  [1m[32mINSERT INTO "users" ("first_name", "last_name", "email", "password_digest", "session_token", "created_at", "updated_at") VALUES ($1, $2, $3, $4, $5, $6, $7) RETURNING "id"[0m  [["first_name", "Demo"], ["last_name", "User"], ["email", "demo_user@notMail.com"], ["password_digest", "$2a$10$oB0/WfqNcdt6tWVDS3uKsOma8tpHjK033o2NFz8gQwwG6by/m/LWi"], ["session_token", "Ww5I3iUPdaB5LkGC3zAhxw"], ["created_at", "2019-02-04 20:46:04.200245"], ["updated_at", "2019-02-04 20:46:04.200245"]]
  ↳ db/seeds.rb:12
  [1m[35m (2.9ms)[0m  [1m[35mCOMMIT[0m
  ↳ db/seeds.rb:12
  [1m[36mUser Load (3.5ms)[0m  [1m[34mSELECT "users".* FROM "users"[0m
  [1m[35m (2.5ms)[0m  [1m[34mSELECT pg_try_advisory_lock(7063921063919878935)[0m
  ↳ bin/rails:9
  [1m[35m (2.1ms)[0m  [1m[34mSELECT "schema_migrations"."version" FROM "schema_migrations" ORDER BY "schema_migrations"."version" ASC[0m
  ↳ bin/rails:9
Migrating to CreateSeventhLevels (20190206230236)
  [1m[35m (0.4ms)[0m  [1m[35mBEGIN[0m
  ↳ bin/rails:9
  [1m[35m (25.7ms)[0m  [1m[35mCREATE TABLE "seventh_levels" ("id" bigserial primary key, "phrase" text, "core1" text, "core2" text, "core3" text, "core4" text, "core5" text, "action1" text, "question1" text, "goal1" text, "action2" text, "question2" text, "goal2" text, "action3" text, "question3" text, "goal3" text, "action4" text, "question4" text, "goal4" text, "action5" text, "question5" text, "goal5" text, "action6" text, "question6" text, "goal6" text, "action7" text, "question7" text, "goal7" text, "user_id" integer NOT NULL, "created_at" timestamp NOT NULL, "updated_at" timestamp NOT NULL)[0m
  ↳ db/migrate/20190206230236_create_seventh_levels.rb:3
  [1m[35m (2.5ms)[0m  [1m[35mCREATE  INDEX  "index_seventh_levels_on_user_id" ON "seventh_levels"  ("user_id")[0m
  ↳ db/migrate/20190206230236_create_seventh_levels.rb:36
  [1m[36mActiveRecord::SchemaMigration Create (0.9ms)[0m  [1m[32mINSERT INTO "schema_migrations" ("version") VALUES ($1) RETURNING "version"[0m  [["version", "20190206230236"]]
  ↳ bin/rails:9
  [1m[35m (1.2ms)[0m  [1m[35mCOMMIT[0m
  ↳ bin/rails:9
  [1m[36mActiveRecord::InternalMetadata Load (1.1ms)[0m  [1m[34mSELECT  "ar_internal_metadata".* FROM "ar_internal_metadata" WHERE "ar_internal_metadata"."key" = $1 LIMIT $2[0m  [["key", "environment"], ["LIMIT", 1]]
  ↳ bin/rails:9
  [1m[35m (0.7ms)[0m  [1m[35mBEGIN[0m
  ↳ bin/rails:9
  [1m[35m (0.3ms)[0m  [1m[35mCOMMIT[0m
  ↳ bin/rails:9
  [1m[35m (1.2ms)[0m  [1m[34mSELECT pg_advisory_unlock(7063921063919878935)[0m
  ↳ bin/rails:9
  [1m[35m (0.8ms)[0m  [1m[34mSELECT "schema_migrations"."version" FROM "schema_migrations" ORDER BY "schema_migrations"."version" ASC[0m
  ↳ bin/rails:9
  [1m[35m (1.1ms)[0m  [1m[34mSELECT "schema_migrations"."version" FROM "schema_migrations" ORDER BY "schema_migrations"."version" ASC[0m
  ↳ /Users/jessicali/.rbenv/versions/2.5.3/bin/annotate:23
  [1m[35m (2.4ms)[0m  [1m[34mSELECT "schema_migrations"."version" FROM "schema_migrations" ORDER BY "schema_migrations"."version" ASC[0m
  ↳ /Users/jessicali/.rbenv/versions/2.5.3/bin/annotate:23
  [1m[35m (2.6ms)[0m  [1m[34mSELECT "schema_migrations"."version" FROM "schema_migrations" ORDER BY "schema_migrations"."version" ASC[0m
  ↳ /Users/jessicali/.rbenv/versions/2.5.3/bin/annotate:23
  [1m[35m (2.0ms)[0m  [1m[34mSELECT "schema_migrations"."version" FROM "schema_migrations" ORDER BY "schema_migrations"."version" ASC[0m
  ↳ bin/rails:9
  [1m[36mUser Load (27.7ms)[0m  [1m[34mSELECT "users".* FROM "users"[0m
  ↳ db/seeds.rb:9
  [1m[35m (0.3ms)[0m  [1m[35mBEGIN[0m
  ↳ db/seeds.rb:9
  [1m[36mUser Destroy (0.7ms)[0m  [1m[31mDELETE FROM "users" WHERE "users"."id" = $1[0m  [["id", 1]]
  ↳ db/seeds.rb:9
  [1m[35m (3.0ms)[0m  [1m[35mCOMMIT[0m
  ↳ db/seeds.rb:9
  [1m[36mSeventhLevel Load (25.4ms)[0m  [1m[34mSELECT "seventh_levels".* FROM "seventh_levels"[0m
  ↳ db/seeds.rb:11
  [1m[35m (5.1ms)[0m  [1m[35mBEGIN[0m
  ↳ db/seeds.rb:14
  [1m[36mUser Exists (3.2ms)[0m  [1m[34mSELECT  1 AS one FROM "users" WHERE "users"."email" = $1 LIMIT $2[0m  [["email", "demo_user@notMail.com"], ["LIMIT", 1]]
  ↳ db/seeds.rb:14
  [1m[36mUser Create (5.0ms)[0m  [1m[32mINSERT INTO "users" ("first_name", "last_name", "email", "password_digest", "session_token", "created_at", "updated_at", "organization") VALUES ($1, $2, $3, $4, $5, $6, $7, $8) RETURNING "id"[0m  [["first_name", "Demo"], ["last_name", "User"], ["email", "demo_user@notMail.com"], ["password_digest", "$2a$10$RKzIXKT2xoSF4RPO65ssTOOjiOjqx8aGzQVLthM1cq4gbb.3ataZ."], ["session_token", "u0CkzhBhxz-esHV2uSKCKQ"], ["created_at", "2019-02-06 23:43:47.803672"], ["updated_at", "2019-02-06 23:43:47.803672"], ["organization", "TheBestOrganization"]]
  ↳ db/seeds.rb:14
  [1m[35m (0.6ms)[0m  [1m[35mCOMMIT[0m
  ↳ db/seeds.rb:14
  [1m[35m (0.4ms)[0m  [1m[35mBEGIN[0m
  ↳ db/seeds.rb:16
  [1m[36mUser Load (0.5ms)[0m  [1m[34mSELECT  "users".* FROM "users" WHERE "users"."id" = $1 LIMIT $2[0m  [["id", 2], ["LIMIT", 1]]
  ↳ db/seeds.rb:16
  [1m[36mSeventhLevel Create (2.8ms)[0m  [1m[32mINSERT INTO "seventh_levels" ("phrase", "core1", "core2", "core3", "core4", "core5", "action1", "question1", "goal1", "action2", "question2", "goal2", "action3", "question3", "goal3", "action4", "question4", "goal4", "action5", "question5", "goal5", "action6", "question6", "goal6", "action7", "question7", "goal7", "user_id", "created_at", "updated_at") VALUES ($1, $2, $3, $4, $5, $6, $7, $8, $9, $10, $11, $12, $13, $14, $15, $16, $17, $18, $19, $20, $21, $22, $23, $24, $25, $26, $27, $28, $29, $30) RETURNING "id"[0m  [["phrase", "phrase1"], ["core1", "core1"], ["core2", "core2"], ["core3", "core3"], ["core4", "core4"], ["core5", "core5"], ["action1", "action1"], ["question1", "question1"], ["goal1", "goal1"], ["action2", "action2"], ["question2", "question2"], ["goal2", "goal2"], ["action3", "action3"], ["question3", "question3"], ["goal3", "goal3"], ["action4", "action4"], ["question4", "question4"], ["goal4", "goal4"], ["action5", "action5"], ["question5", "question5"], ["goal5", "goal5"], ["action6", "action6"], ["question6", "question6"], ["goal6", "goal6"], ["action7", "action7"], ["question7", "question7"], ["goal7", "goal7"], ["user_id", 2], ["created_at", "2019-02-06 23:43:47.869349"], ["updated_at", "2019-02-06 23:43:47.869349"]]
  ↳ db/seeds.rb:16
  [1m[35m (0.6ms)[0m  [1m[35mCOMMIT[0m
  ↳ db/seeds.rb:16
  [1m[36mSeventhLevel Load (2.7ms)[0m  [1m[34mSELECT "seventh_levels".* FROM "seventh_levels"[0m
  [1m[36mUser Load (23.6ms)[0m  [1m[34mSELECT "users".* FROM "users"[0m
  [1m[35m (0.3ms)[0m  [1m[34mSELECT pg_try_advisory_lock(7063921063919878935)[0m
  ↳ bin/rails:9
  [1m[35m (3.5ms)[0m  [1m[34mSELECT "schema_migrations"."version" FROM "schema_migrations" ORDER BY "schema_migrations"."version" ASC[0m
  ↳ bin/rails:9
Migrating to AddNotesToSeventhLevel (20190207230737)
  [1m[35m (4.0ms)[0m  [1m[35mBEGIN[0m
  ↳ bin/rails:9
  [1m[35m (24.3ms)[0m  [1m[35mALTER TABLE "seventh_levels" ADD "notes" text[0m
  ↳ db/migrate/20190207230737_add_notes_to_seventh_level.rb:3
  [1m[36mActiveRecord::SchemaMigration Create (13.2ms)[0m  [1m[32mINSERT INTO "schema_migrations" ("version") VALUES ($1) RETURNING "version"[0m  [["version", "20190207230737"]]
  ↳ bin/rails:9
  [1m[35m (1.0ms)[0m  [1m[35mCOMMIT[0m
  ↳ bin/rails:9
  [1m[36mActiveRecord::InternalMetadata Load (2.6ms)[0m  [1m[34mSELECT  "ar_internal_metadata".* FROM "ar_internal_metadata" WHERE "ar_internal_metadata"."key" = $1 LIMIT $2[0m  [["key", "environment"], ["LIMIT", 1]]
  ↳ bin/rails:9
  [1m[35m (0.4ms)[0m  [1m[35mBEGIN[0m
  ↳ bin/rails:9
  [1m[35m (0.3ms)[0m  [1m[35mCOMMIT[0m
  ↳ bin/rails:9
  [1m[35m (0.6ms)[0m  [1m[34mSELECT pg_advisory_unlock(7063921063919878935)[0m
  ↳ bin/rails:9
  [1m[35m (0.9ms)[0m  [1m[34mSELECT "schema_migrations"."version" FROM "schema_migrations" ORDER BY "schema_migrations"."version" ASC[0m
  ↳ bin/rails:9
  [1m[35m (2.1ms)[0m  [1m[34mSELECT "schema_migrations"."version" FROM "schema_migrations" ORDER BY "schema_migrations"."version" ASC[0m
  ↳ /Users/jessicali/.rbenv/versions/2.5.3/bin/annotate:23
